0 info it worked if it ends with ok
1 verbose cli [ 'node', '/usr/local/bin/npm', 'install', 'lodash' ]
2 info using npm@2.6.0
3 info using node@v0.12.0
4 silly cache add args [ 'lodash', null ]
5 verbose cache add spec lodash
6 silly cache add parsed spec { raw: 'lodash',
6 silly cache add   scope: null,
6 silly cache add   name: 'lodash',
6 silly cache add   rawSpec: '',
6 silly cache add   spec: '*',
6 silly cache add   type: 'range' }
7 verbose addNamed lodash@*
8 silly addNamed semver.valid null
9 silly addNamed semver.validRange *
10 silly addNameRange { name: 'lodash', range: '*', hasData: false }
11 silly mapToRegistry name lodash
12 silly mapToRegistry using default registry
13 silly mapToRegistry registry https://registry.npmjs.org/
14 silly mapToRegistry uri https://registry.npmjs.org/lodash
15 verbose addNameRange registry:https://registry.npmjs.org/lodash not in flight; fetching
16 verbose request uri https://registry.npmjs.org/lodash
17 verbose request no auth needed
18 info attempt registry request try #1 at 2:58:43 PM
19 verbose request id 22a45f5cb43453f3
20 verbose etag "XA9LCUVZF91YWTTZ8D0F9ATE"
21 http request GET https://registry.npmjs.org/lodash
22 http 200 https://registry.npmjs.org/lodash
23 silly get cb [ 200,
23 silly get   { date: 'Fri, 27 Feb 2015 14:58:43 GMT',
23 silly get     server: 'CouchDB/1.5.0 (Erlang OTP/R16B03)',
23 silly get     etag: '"QADPUMNCSDJK7XABE35B3IEJ"',
23 silly get     'content-type': 'application/json',
23 silly get     'cache-control': 'max-age=60',
23 silly get     'content-length': '83724',
23 silly get     'accept-ranges': 'bytes',
23 silly get     via: '1.1 varnish',
23 silly get     age: '33',
23 silly get     'x-served-by': 'cache-lhr6331-LHR',
23 silly get     'x-cache': 'HIT',
23 silly get     'x-cache-hits': '6',
23 silly get     'x-timer': 'S1425049123.635531,VS0,VE0',
23 silly get     vary: 'Accept',
23 silly get     'keep-alive': 'timeout=10, max=50',
23 silly get     connection: 'Keep-Alive' } ]
24 verbose get saving lodash to /Users/eliothill/.npm/registry.npmjs.org/lodash/.cache.json
25 silly addNameRange number 2 { name: 'lodash', range: '*', hasData: true }
26 silly addNameRange versions [ 'lodash',
26 silly addNameRange   [ '0.1.0',
26 silly addNameRange     '0.2.0',
26 silly addNameRange     '0.2.1',
26 silly addNameRange     '0.2.2',
26 silly addNameRange     '0.3.0',
26 silly addNameRange     '0.3.1',
26 silly addNameRange     '0.3.2',
26 silly addNameRange     '0.4.0',
26 silly addNameRange     '0.4.1',
26 silly addNameRange     '0.4.2',
26 silly addNameRange     '0.5.0-rc.1',
26 silly addNameRange     '0.5.0',
26 silly addNameRange     '0.5.1',
26 silly addNameRange     '0.5.2',
26 silly addNameRange     '0.6.0',
26 silly addNameRange     '0.6.1',
26 silly addNameRange     '0.7.0',
26 silly addNameRange     '0.8.0',
26 silly addNameRange     '0.8.1',
26 silly addNameRange     '0.8.2',
26 silly addNameRange     '0.9.0',
26 silly addNameRange     '0.9.1',
26 silly addNameRange     '0.9.2',
26 silly addNameRange     '0.10.0',
26 silly addNameRange     '1.0.0-rc.1',
26 silly addNameRange     '1.0.0-rc.2',
26 silly addNameRange     '1.0.0-rc.3',
26 silly addNameRange     '1.0.0',
26 silly addNameRange     '1.0.1',
26 silly addNameRange     '1.1.0',
26 silly addNameRange     '1.1.1',
26 silly addNameRange     '1.2.0',
26 silly addNameRange     '1.2.1',
26 silly addNameRange     '1.3.0',
26 silly addNameRange     '1.3.1',
26 silly addNameRange     '2.0.0',
26 silly addNameRange     '2.1.0',
26 silly addNameRange     '2.2.0',
26 silly addNameRange     '2.2.1',
26 silly addNameRange     '2.3.0',
26 silly addNameRange     '2.4.0',
26 silly addNameRange     '2.4.1',
26 silly addNameRange     '3.0.0',
26 silly addNameRange     '3.0.1',
26 silly addNameRange     '3.1.0',
26 silly addNameRange     '3.2.0',
26 silly addNameRange     '3.3.0',
26 silly addNameRange     '3.3.1' ] ]
27 verbose addNamed lodash@3.3.1
28 silly addNamed semver.valid 3.3.1
29 silly addNamed semver.validRange 3.3.1
30 silly mapToRegistry name lodash
31 silly mapToRegistry using default registry
32 silly mapToRegistry registry https://registry.npmjs.org/
33 silly mapToRegistry uri https://registry.npmjs.org/lodash
34 verbose addRemoteTarball https://registry.npmjs.org/lodash/-/lodash-3.3.1.tgz not in flight; adding
35 verbose addRemoteTarball [ 'https://registry.npmjs.org/lodash/-/lodash-3.3.1.tgz',
35 verbose addRemoteTarball   '3b914d4a1bb27efcee076e0dfa58152018e2042e' ]
36 info retry fetch attempt 1 at 2:58:43 PM
37 info attempt registry request try #1 at 2:58:43 PM
38 http fetch GET https://registry.npmjs.org/lodash/-/lodash-3.3.1.tgz
39 http fetch 200 https://registry.npmjs.org/lodash/-/lodash-3.3.1.tgz
40 silly fetchAndShaCheck shasum 3b914d4a1bb27efcee076e0dfa58152018e2042e
41 verbose addTmpTarball /var/folders/7h/8kd24q7n46zg3xhp46tdhp_h0000gn/T/npm-1652-446febb1/registry.npmjs.org/lodash/-/lodash-3.3.1.tgz not in flight; adding
42 verbose addTmpTarball already have metadata; skipping unpack for lodash@3.3.1
43 verbose stack Error: EACCES, mkdir '/Users/eliothill/.npm/lodash/3.3.1'
43 verbose stack     at Error (native)
44 verbose cwd /Users/eliothill/Documents/Personal/cab-boot
45 error Darwin 13.1.0
46 error argv "node" "/usr/local/bin/npm" "install" "lodash"
47 error node v0.12.0
48 error npm  v2.6.0
49 error path /Users/eliothill/.npm/lodash/3.3.1
50 error code EACCES
51 error errno -13
52 error Error: EACCES, mkdir '/Users/eliothill/.npm/lodash/3.3.1'
52 error     at Error (native)
52 error  { [Error: EACCES, mkdir '/Users/eliothill/.npm/lodash/3.3.1']
52 error   errno: -13,
52 error   code: 'EACCES',
52 error   path: '/Users/eliothill/.npm/lodash/3.3.1' }
53 error Please try running this command again as root/Administrator.
54 verbose exit [ -13, true ]
